2021-10-29 20:28:02,501 INFO org.springframework.boot.StartupInfoLogger [restartedMain] Starting IncomeControlApplication using Java 11.0.12 on DESKTOP-GB4C3CT with PID 2680 (C:\Users\Fastrapier\Desktop\Income_control\target\classes started by Fastrapier in C:\Users\Fastrapier\Desktop\Income_control)
2021-10-29 20:28:02,520 INFO org.springframework.boot.SpringApplication [restartedMain] No active profile set, falling back to default profiles: default
2021-10-29 20:28:02,768 INFO org.springframework.boot.logging.DeferredLog [restartedMain] Devtools property defaults active! Set 'spring.devtools.add-properties' to 'false' to disable
2021-10-29 20:28:02,770 INFO org.springframework.boot.logging.DeferredLog [restartedMain] For additional web related logging consider setting the 'logging.level.web' property to 'DEBUG'
2021-10-29 20:28:05,950 INFO org.springframework.data.repository.config.RepositoryConfigurationDelegate [restartedMain] Bootstrapping Spring Data JPA repositories in DEFAULT mode.
2021-10-29 20:28:06,302 INFO org.springframework.data.repository.config.RepositoryConfigurationDelegate [restartedMain] Finished Spring Data repository scanning in 324 ms. Found 5 JPA repository interfaces.
2021-10-29 20:28:08,882 INFO org.springframework.boot.web.embedded.tomcat.TomcatWebServer [restartedMain] Tomcat initialized with port(s): 7030 (http)
2021-10-29 20:28:08,912 INFO org.apache.juli.logging.DirectJDKLog [restartedMain] Initializing ProtocolHandler ["http-nio-7030"]
2021-10-29 20:28:08,913 INFO org.apache.juli.logging.DirectJDKLog [restartedMain] Starting service [Tomcat]
2021-10-29 20:28:08,914 INFO org.apache.juli.logging.DirectJDKLog [restartedMain] Starting Servlet engine: [Apache Tomcat/9.0.52]
2021-10-29 20:28:09,217 INFO org.apache.juli.logging.DirectJDKLog [restartedMain] Initializing Spring embedded WebApplicationContext
2021-10-29 20:28:09,218 INFO org.springframework.boot.web.servlet.context.ServletWebServerApplicationContext [restartedMain] Root WebApplicationContext: initialization completed in 6446 ms
2021-10-29 20:28:09,420 INFO com.zaxxer.hikari.HikariDataSource [restartedMain] HikariPool-1 - Starting...
2021-10-29 20:28:09,900 INFO com.zaxxer.hikari.HikariDataSource [restartedMain] HikariPool-1 - Start completed.
2021-10-29 20:28:10,264 INFO org.hibernate.jpa.internal.util.LogHelper [restartedMain] HHH000204: Processing PersistenceUnitInfo [name: default]
2021-10-29 20:28:10,433 INFO org.hibernate.Version [restartedMain] HHH000412: Hibernate ORM core version 5.4.32.Final
2021-10-29 20:28:10,898 INFO org.hibernate.annotations.common.reflection.java.JavaReflectionManager [restartedMain] HCANN000001: Hibernate Commons Annotations {5.1.2.Final}
2021-10-29 20:28:11,252 INFO org.hibernate.dialect.Dialect [restartedMain] HHH000400: Using dialect: org.hibernate.dialect.PostgreSQL10Dialect
2021-10-29 20:28:13,101 INFO org.hibernate.engine.transaction.jta.platform.internal.JtaPlatformInitiator [restartedMain] HHH000490: Using JtaPlatform implementation: [org.hibernate.engine.transaction.jta.platform.internal.NoJtaPlatform]
2021-10-29 20:28:13,121 INFO org.springframework.orm.jpa.AbstractEntityManagerFactoryBean [restartedMain] Initialized JPA EntityManagerFactory for persistence unit 'default'
2021-10-29 20:28:17,775 WARN org.springframework.boot.autoconfigure.orm.jpa.JpaBaseConfiguration$JpaWebConfiguration [restartedMain] spring.jpa.open-in-view is enabled by default. Therefore, database queries may be performed during view rendering. Explicitly configure spring.jpa.open-in-view to disable this warning
2021-10-29 20:28:19,053 WARN org.springframework.boot.autoconfigure.freemarker.FreeMarkerAutoConfiguration [restartedMain] Cannot find template location(s): [classpath:/templates/] (please add some templates, check your FreeMarker configuration, or set spring.freemarker.checkTemplateLocation=false)
2021-10-29 20:28:19,253 INFO org.springframework.boot.devtools.autoconfigure.OptionalLiveReloadServer [restartedMain] LiveReload server is running on port 35729
2021-10-29 20:28:19,309 INFO org.apache.juli.logging.DirectJDKLog [restartedMain] Starting ProtocolHandler ["http-nio-7030"]
2021-10-29 20:28:19,367 INFO org.springframework.boot.web.embedded.tomcat.TomcatWebServer [restartedMain] Tomcat started on port(s): 7030 (http) with context path ''
2021-10-29 20:28:19,428 INFO org.springframework.boot.StartupInfoLogger [restartedMain] Started IncomeControlApplication in 19.152 seconds (JVM running for 28.71)
2021-10-29 20:28:57,978 INFO ru.gold_farm_app.income_control.listeners.impl.ForSaleListenerImpl [Javacord - Central ExecutorService - 2] [FelLotus=5, DreamingGlory=40, NightmareVine=161, ManaThistle=41, NightmareSeed=6, Netherbloom=0, FelIronOre=0, EterniumOre=91, AdamantiteOre=687, KhoriumOre=45, BloodGarnet=7, FlameSpessarite=2, GoldenDraenite=3, ShadowDraenite=5, DeepPeridot=2, AzureMoonstone=3, Dawnstone=1, Nightseye=2, StarofElune=0, Talasite=2, LivingRuby=1, NobleTopaz=0, PrimalMana=1, PrimalFire=2, PrimalLife=2, PrimalEarth=47, PrimalAir=2]
2021-10-29 20:28:59,551 INFO ru.gold_farm_app.income_control.services.impl.ForSaleServiceImpl [Javacord - Central ExecutorService - 2] Employee(id=1, discordName=fastrapier#2112, gold=59789442, serverFraction=ServerFraction(id=1, serverFraction=gehennas-alliance))///ForSale(id=57, dreamingGlory=40, nightmareVine=161, manaThistle=41, nightmareSeed=6, felLotus=5, netherbloom=0, felIronOre=0, eterniumOre=91, adamantiteOre=687, khoriumOre=45, bloodGarnet=7, flameSpessarite=2, goldenDraenite=3, shadowDraenite=5, deepPeridot=2, azureMoonstone=3, dawnstone=1, nightseye=2, starOfElune=0, talasite=2, livingRuby=1, nobleTopaz=0, primalEarth=47, primalFire=2, primalMana=1, primalAir=2, primalLife=2, price=29894721, date=2021-10-29, employee=Employee(id=1, discordName=fastrapier#2112, gold=59789442, serverFraction=ServerFraction(id=1, serverFraction=gehennas-alliance)))
2021-10-29 20:59:13,051 INFO org.javacord.core.util.logging.PrivacyProtectionLogger [ReadingThread] Websocket closed with reason 'unknown' and code NORMAL (1000) by client!
2021-10-29 20:59:13,551 INFO org.springframework.orm.jpa.AbstractEntityManagerFactoryBean [SpringApplicationShutdownHook] Closing JPA EntityManagerFactory for persistence unit 'default'
2021-10-29 20:59:13,560 INFO com.zaxxer.hikari.HikariDataSource [SpringApplicationShutdownHook] HikariPool-1 - Shutdown initiated...
2021-10-29 20:59:13,572 INFO com.zaxxer.hikari.HikariDataSource [SpringApplicationShutdownHook] HikariPool-1 - Shutdown completed.
